<?xml version="1.0" encoding="UTF-8"?>
<!-- Generated by org.testng.reporters.JUnitXMLReporter -->
<testsuite ignored="0" hostname="DESKTOP-UM2MPT8" failures="0" tests="10" name="PFPOMCommentsAppTest4" time="45.369" errors="0" timestamp="2023-09-16T21:03:23 IST">
  <testcase classname="TestSenarios.CommentsAppTest" name="CommentsAppUI" time="0.204"/>
  <testcase classname="TestSenarios.CommentsAppTest" name="CommentCounter" time="2.031"/>
  <testcase classname="TestSenarios.CommentsAppTest" name="TestCommentInitials" time="0.62"/>
  <testcase classname="TestSenarios.CommentsAppTest" name="TestCommentInitials" time="0.593"/>
  <testcase classname="TestSenarios.CommentsAppTest" name="TestCommentInitials" time="0.634"/>
  <testcase classname="TestSenarios.CommentsAppTest" name="TestCommentInitials" time="0.673"/>
  <testcase classname="TestSenarios.CommentsAppTest" name="TestCommentInitials" time="0.564"/>
  <testcase classname="TestSenarios.CommentsAppTest" name="TestCommentAndOrder" time="2.786"/>
  <testcase classname="TestSenarios.CommentsAppTest" name="TestLike" time="3.03"/>
  <testcase classname="TestSenarios.CommentsAppTest" name="TestDeleteFunctionality" time="2.755"/>
</testsuite> <!-- PFPOMCommentsAppTest4 -->
